<?xml version="1.0" encoding="UTF-8"?>
<testsuite name="com.example.demo.DemoApplicationTests" tests="1" skipped="0" failures="0" errors="0" timestamp="2026-09-13T17:57:03.670Z" hostname="DESKTOP-G61NHDG" time="2.228">
  <properties/>
  <testcase name="나이스결제_API_연동_테스트()" classname="com.example.demo.DemoApplicationTests" time="0.822"/>
  <system-out><![CDATA[02:57:03.822 [Test worker] INFO org.springframework.test.context.support.AnnotationConfigContextLoaderUtils -- Could not detect default configuration classes for test class [com.example.demo.DemoApplicationTests]: DemoApplicationTests does not declare any static, non-private, non-final, nested classes annotated with @Configuration.
02:57:03.903 [Test worker] INFO org.springframework.boot.test.context.SpringBootTestContextBootstrapper -- Found @SpringBootConfiguration com.example.demo.DemoApplication for test class com.example.demo.DemoApplicationTests
02:57:03.969 [Test worker] INFO org.springframework.test.context.support.AnnotationConfigContextLoaderUtils -- Could not detect default configuration classes for test class [com.example.demo.DemoApplicationTests]: DemoApplicationTests does not declare any static, non-private, non-final, nested classes annotated with @Configuration.
02:57:03.970 [Test worker] INFO org.springframework.boot.test.context.SpringBootTestContextBootstrapper -- Found @SpringBootConfiguration com.example.demo.DemoApplication for test class com.example.demo.DemoApplicationTests

  .   ____          _            __ _ _
 /\\ / ___'_ __ _ _(_)_ __  __ _ \ \ \ \
( ( )\___ | '_ | '_| | '_ \/ _` | \ \ \ \
 \\/  ___)| |_)| | | | | || (_| |  ) ) ) )
  '  |____| .__|_| |_|_| |_\__, | / / / /
 =========|_|==============|___/=/_/_/_/

 :: Spring Boot ::                (v4.1.1)

2026-09-14T02:57:04.217+09:00  INFO 34260 --- [demo] [    Test worker] com.example.demo.DemoApplicationTests    : Starting DemoApplicationTests using Java 17.0.20.1 with PID 34260 (started by Owner in C:\Users\Owner\Desktop\demo)
2026-09-14T02:57:04.218+09:00  INFO 34260 --- [demo] [    Test worker] com.example.demo.DemoApplicationTests    : No active profile set, falling back to 1 default profile: "default"
2026-09-14T02:57:04.792+09:00  INFO 34260 --- [demo] [    Test worker] o.s.b.w.a.WelcomePageHandlerMapping      : Adding welcome page: class path resource [static/index.html]
2026-09-14T02:57:05.066+09:00  INFO 34260 --- [demo] [    Test worker] com.example.demo.DemoApplicationTests    : Started DemoApplicationTests in 1.05 seconds (process running for 2.057)

>>> [START] NICE PAY 가상 결제 API 호출 시도...

==================================================
❌ [FAIL] NICE API 통신 실패 원인 발생:
401 401 on POST request for "https://sandbox-api.nicepay.co.kr/v1/payments": [no body]
==================================================

]]></system-out>
  <system-err><![CDATA[]]></system-err>
</testsuite>
